     1                                  section .data
     2                                  SYS_EXIT equ 1
     3 00000000 11                      a db 17
     4 00000001 09                      b db 9 
     5 00000002 00                      c db 0 
     6 00000003 0010                    d dw 4096
     7 00000005 48656C6C6F20776F72-     hello db 'Hello world',10
     7 0000000E 6C640A             
     8                                  len equ $-hello
     9                                  section .text
    10                                  global _start
    11                                  _start:
    12 00000000 A0[00000000]                mov al, [a]
    13 00000005 0205[01000000]              add al, [b]
    14 0000000B A2[02000000]                mov [c], al
    15 00000010 B804000000                  mov eax, 4  ;4 lệnh để ghi
    16 00000015 BB01000000                  mov ebx, 1
    17 0000001A B9[05000000]                mov ecx, hello
    18 0000001F BA0C000000                  mov edx, len    
    19 00000024 CD80                        int 0x80    ;kết thúc lệnh ghi ra
    20                                  last:
    21 00000026 B801000000                  mov eax, SYS_EXIT
    22 0000002B CD80                        int 0x80
